[2024-02-07T08:48:35.780+0000] {processor.py:161} INFO - Started process (PID=594) to work on /opt/airflow/dags/6_talend_job.py
[2024-02-07T08:48:35.781+0000] {processor.py:830} INFO - Processing file /opt/airflow/dags/6_talend_job.py for tasks to queue
[2024-02-07T08:48:35.782+0000] {logging_mixin.py:188} INFO - [2024-02-07T08:48:35.782+0000] {dagbag.py:538} INFO - Filling up the DagBag from /opt/airflow/dags/6_talend_job.py
[2024-02-07T08:48:35.787+0000] {processor.py:840} INFO - DAG(s) 'emp_load_to_snw' retrieved from /opt/airflow/dags/6_talend_job.py
[2024-02-07T08:48:35.891+0000] {logging_mixin.py:188} INFO - [2024-02-07T08:48:35.890+0000] {override.py:1769} INFO - Created Permission View: can read on DAG:emp_load_to_snw
[2024-02-07T08:48:35.902+0000] {logging_mixin.py:188} INFO - [2024-02-07T08:48:35.901+0000] {override.py:1769} INFO - Created Permission View: can delete on DAG:emp_load_to_snw
[2024-02-07T08:48:35.911+0000] {logging_mixin.py:188} INFO - [2024-02-07T08:48:35.911+0000] {override.py:1769} INFO - Created Permission View: can edit on DAG:emp_load_to_snw
[2024-02-07T08:48:35.911+0000] {logging_mixin.py:188} INFO - [2024-02-07T08:48:35.911+0000] {dag.py:3036} INFO - Sync 1 DAGs
[2024-02-07T08:48:35.921+0000] {logging_mixin.py:188} INFO - [2024-02-07T08:48:35.921+0000] {dag.py:3058} INFO - Creating ORM DAG for emp_load_to_snw
[2024-02-07T08:48:35.922+0000] {logging_mixin.py:188} INFO - [2024-02-07T08:48:35.922+0000] {dag.py:3823} INFO - Setting next_dagrun for emp_load_to_snw to None, run_after=None
[2024-02-07T08:48:35.940+0000] {processor.py:183} INFO - Processing /opt/airflow/dags/6_talend_job.py took 0.163 seconds
[2024-02-07T08:49:06.853+0000] {processor.py:161} INFO - Started process (PID=661) to work on /opt/airflow/dags/6_talend_job.py
[2024-02-07T08:49:06.855+0000] {processor.py:830} INFO - Processing file /opt/airflow/dags/6_talend_job.py for tasks to queue
[2024-02-07T08:49:06.858+0000] {logging_mixin.py:188} INFO - [2024-02-07T08:49:06.858+0000] {dagbag.py:538} INFO - Filling up the DagBag from /opt/airflow/dags/6_talend_job.py
[2024-02-07T08:49:06.868+0000] {processor.py:840} INFO - DAG(s) 'emp_load_to_snw' retrieved from /opt/airflow/dags/6_talend_job.py
[2024-02-07T08:49:06.907+0000] {logging_mixin.py:188} INFO - [2024-02-07T08:49:06.907+0000] {dag.py:3036} INFO - Sync 1 DAGs
[2024-02-07T08:49:06.926+0000] {logging_mixin.py:188} INFO - [2024-02-07T08:49:06.925+0000] {dag.py:3823} INFO - Setting next_dagrun for emp_load_to_snw to None, run_after=None
[2024-02-07T08:49:06.958+0000] {processor.py:183} INFO - Processing /opt/airflow/dags/6_talend_job.py took 0.112 seconds
[2024-02-07T08:49:37.131+0000] {processor.py:161} INFO - Started process (PID=727) to work on /opt/airflow/dags/6_talend_job.py
[2024-02-07T08:49:37.136+0000] {processor.py:830} INFO - Processing file /opt/airflow/dags/6_talend_job.py for tasks to queue
[2024-02-07T08:49:37.138+0000] {logging_mixin.py:188} INFO - [2024-02-07T08:49:37.138+0000] {dagbag.py:538} INFO - Filling up the DagBag from /opt/airflow/dags/6_talend_job.py
[2024-02-07T08:49:37.145+0000] {processor.py:840} INFO - DAG(s) 'emp_load_to_snw' retrieved from /opt/airflow/dags/6_talend_job.py
[2024-02-07T08:49:37.167+0000] {logging_mixin.py:188} INFO - [2024-02-07T08:49:37.167+0000] {dag.py:3036} INFO - Sync 1 DAGs
[2024-02-07T08:49:37.179+0000] {logging_mixin.py:188} INFO - [2024-02-07T08:49:37.179+0000] {dag.py:3823} INFO - Setting next_dagrun for emp_load_to_snw to None, run_after=None
[2024-02-07T08:49:37.207+0000] {processor.py:183} INFO - Processing /opt/airflow/dags/6_talend_job.py took 0.079 seconds
[2024-02-07T08:50:07.374+0000] {processor.py:161} INFO - Started process (PID=793) to work on /opt/airflow/dags/6_talend_job.py
[2024-02-07T08:50:07.379+0000] {processor.py:830} INFO - Processing file /opt/airflow/dags/6_talend_job.py for tasks to queue
[2024-02-07T08:50:07.381+0000] {logging_mixin.py:188} INFO - [2024-02-07T08:50:07.381+0000] {dagbag.py:538} INFO - Filling up the DagBag from /opt/airflow/dags/6_talend_job.py
[2024-02-07T08:50:07.387+0000] {processor.py:840} INFO - DAG(s) 'emp_load_to_snw' retrieved from /opt/airflow/dags/6_talend_job.py
[2024-02-07T08:50:07.409+0000] {logging_mixin.py:188} INFO - [2024-02-07T08:50:07.408+0000] {dag.py:3036} INFO - Sync 1 DAGs
[2024-02-07T08:50:07.420+0000] {logging_mixin.py:188} INFO - [2024-02-07T08:50:07.420+0000] {dag.py:3823} INFO - Setting next_dagrun for emp_load_to_snw to None, run_after=None
[2024-02-07T08:50:07.440+0000] {processor.py:183} INFO - Processing /opt/airflow/dags/6_talend_job.py took 0.069 seconds
[2024-02-07T08:50:38.260+0000] {processor.py:161} INFO - Started process (PID=859) to work on /opt/airflow/dags/6_talend_job.py
[2024-02-07T08:50:38.265+0000] {processor.py:830} INFO - Processing file /opt/airflow/dags/6_talend_job.py for tasks to queue
[2024-02-07T08:50:38.266+0000] {logging_mixin.py:188} INFO - [2024-02-07T08:50:38.266+0000] {dagbag.py:538} INFO - Filling up the DagBag from /opt/airflow/dags/6_talend_job.py
[2024-02-07T08:50:38.274+0000] {processor.py:840} INFO - DAG(s) 'emp_load_to_snw' retrieved from /opt/airflow/dags/6_talend_job.py
[2024-02-07T08:50:38.298+0000] {logging_mixin.py:188} INFO - [2024-02-07T08:50:38.298+0000] {dag.py:3036} INFO - Sync 1 DAGs
[2024-02-07T08:50:38.310+0000] {logging_mixin.py:188} INFO - [2024-02-07T08:50:38.310+0000] {dag.py:3823} INFO - Setting next_dagrun for emp_load_to_snw to None, run_after=None
[2024-02-07T08:50:38.330+0000] {processor.py:183} INFO - Processing /opt/airflow/dags/6_talend_job.py took 0.072 seconds
[2024-02-07T08:51:08.988+0000] {processor.py:161} INFO - Started process (PID=925) to work on /opt/airflow/dags/6_talend_job.py
[2024-02-07T08:51:08.994+0000] {processor.py:830} INFO - Processing file /opt/airflow/dags/6_talend_job.py for tasks to queue
[2024-02-07T08:51:08.995+0000] {logging_mixin.py:188} INFO - [2024-02-07T08:51:08.995+0000] {dagbag.py:538} INFO - Filling up the DagBag from /opt/airflow/dags/6_talend_job.py
[2024-02-07T08:51:09.001+0000] {processor.py:840} INFO - DAG(s) 'emp_load_to_snw' retrieved from /opt/airflow/dags/6_talend_job.py
[2024-02-07T08:51:09.021+0000] {logging_mixin.py:188} INFO - [2024-02-07T08:51:09.021+0000] {dag.py:3036} INFO - Sync 1 DAGs
[2024-02-07T08:51:09.032+0000] {logging_mixin.py:188} INFO - [2024-02-07T08:51:09.032+0000] {dag.py:3823} INFO - Setting next_dagrun for emp_load_to_snw to None, run_after=None
[2024-02-07T08:51:09.058+0000] {processor.py:183} INFO - Processing /opt/airflow/dags/6_talend_job.py took 0.072 seconds
[2024-02-07T08:51:39.968+0000] {processor.py:161} INFO - Started process (PID=991) to work on /opt/airflow/dags/6_talend_job.py
[2024-02-07T08:51:39.974+0000] {processor.py:830} INFO - Processing file /opt/airflow/dags/6_talend_job.py for tasks to queue
[2024-02-07T08:51:39.976+0000] {logging_mixin.py:188} INFO - [2024-02-07T08:51:39.976+0000] {dagbag.py:538} INFO - Filling up the DagBag from /opt/airflow/dags/6_talend_job.py
[2024-02-07T08:51:39.981+0000] {processor.py:840} INFO - DAG(s) 'emp_load_to_snw' retrieved from /opt/airflow/dags/6_talend_job.py
[2024-02-07T08:51:40.004+0000] {logging_mixin.py:188} INFO - [2024-02-07T08:51:40.004+0000] {dag.py:3036} INFO - Sync 1 DAGs
[2024-02-07T08:51:40.015+0000] {logging_mixin.py:188} INFO - [2024-02-07T08:51:40.015+0000] {dag.py:3823} INFO - Setting next_dagrun for emp_load_to_snw to None, run_after=None
[2024-02-07T08:51:40.039+0000] {processor.py:183} INFO - Processing /opt/airflow/dags/6_talend_job.py took 0.074 seconds
[2024-02-07T08:52:10.146+0000] {processor.py:161} INFO - Started process (PID=1057) to work on /opt/airflow/dags/6_talend_job.py
[2024-02-07T08:52:10.154+0000] {processor.py:830} INFO - Processing file /opt/airflow/dags/6_talend_job.py for tasks to queue
[2024-02-07T08:52:10.156+0000] {logging_mixin.py:188} INFO - [2024-02-07T08:52:10.156+0000] {dagbag.py:538} INFO - Filling up the DagBag from /opt/airflow/dags/6_talend_job.py
[2024-02-07T08:52:10.163+0000] {processor.py:840} INFO - DAG(s) 'emp_load_to_snw' retrieved from /opt/airflow/dags/6_talend_job.py
[2024-02-07T08:52:10.183+0000] {logging_mixin.py:188} INFO - [2024-02-07T08:52:10.183+0000] {dag.py:3036} INFO - Sync 1 DAGs
[2024-02-07T08:52:10.199+0000] {logging_mixin.py:188} INFO - [2024-02-07T08:52:10.198+0000] {dag.py:3823} INFO - Setting next_dagrun for emp_load_to_snw to None, run_after=None
[2024-02-07T08:52:10.222+0000] {processor.py:183} INFO - Processing /opt/airflow/dags/6_talend_job.py took 0.079 seconds
[2024-02-07T08:52:40.333+0000] {processor.py:161} INFO - Started process (PID=1123) to work on /opt/airflow/dags/6_talend_job.py
[2024-02-07T08:52:40.334+0000] {processor.py:830} INFO - Processing file /opt/airflow/dags/6_talend_job.py for tasks to queue
[2024-02-07T08:52:40.335+0000] {logging_mixin.py:188} INFO - [2024-02-07T08:52:40.335+0000] {dagbag.py:538} INFO - Filling up the DagBag from /opt/airflow/dags/6_talend_job.py
[2024-02-07T08:52:40.341+0000] {processor.py:840} INFO - DAG(s) 'emp_load_to_snw' retrieved from /opt/airflow/dags/6_talend_job.py
[2024-02-07T08:52:40.362+0000] {logging_mixin.py:188} INFO - [2024-02-07T08:52:40.362+0000] {dag.py:3036} INFO - Sync 1 DAGs
[2024-02-07T08:52:40.373+0000] {logging_mixin.py:188} INFO - [2024-02-07T08:52:40.373+0000] {dag.py:3823} INFO - Setting next_dagrun for emp_load_to_snw to None, run_after=None
[2024-02-07T08:52:40.392+0000] {processor.py:183} INFO - Processing /opt/airflow/dags/6_talend_job.py took 0.062 seconds
[2024-02-07T08:53:11.219+0000] {processor.py:161} INFO - Started process (PID=1189) to work on /opt/airflow/dags/6_talend_job.py
[2024-02-07T08:53:11.220+0000] {processor.py:830} INFO - Processing file /opt/airflow/dags/6_talend_job.py for tasks to queue
[2024-02-07T08:53:11.222+0000] {logging_mixin.py:188} INFO - [2024-02-07T08:53:11.221+0000] {dagbag.py:538} INFO - Filling up the DagBag from /opt/airflow/dags/6_talend_job.py
[2024-02-07T08:53:11.227+0000] {processor.py:840} INFO - DAG(s) 'emp_load_to_snw' retrieved from /opt/airflow/dags/6_talend_job.py
[2024-02-07T08:53:11.249+0000] {logging_mixin.py:188} INFO - [2024-02-07T08:53:11.248+0000] {dag.py:3036} INFO - Sync 1 DAGs
[2024-02-07T08:53:11.259+0000] {logging_mixin.py:188} INFO - [2024-02-07T08:53:11.259+0000] {dag.py:3823} INFO - Setting next_dagrun for emp_load_to_snw to None, run_after=None
[2024-02-07T08:53:11.277+0000] {processor.py:183} INFO - Processing /opt/airflow/dags/6_talend_job.py took 0.061 seconds
[2024-02-07T08:53:41.483+0000] {processor.py:161} INFO - Started process (PID=1255) to work on /opt/airflow/dags/6_talend_job.py
[2024-02-07T08:53:41.490+0000] {processor.py:830} INFO - Processing file /opt/airflow/dags/6_talend_job.py for tasks to queue
[2024-02-07T08:53:41.492+0000] {logging_mixin.py:188} INFO - [2024-02-07T08:53:41.492+0000] {dagbag.py:538} INFO - Filling up the DagBag from /opt/airflow/dags/6_talend_job.py
[2024-02-07T08:53:41.500+0000] {processor.py:840} INFO - DAG(s) 'emp_load_to_snw' retrieved from /opt/airflow/dags/6_talend_job.py
[2024-02-07T08:53:41.522+0000] {logging_mixin.py:188} INFO - [2024-02-07T08:53:41.522+0000] {dag.py:3036} INFO - Sync 1 DAGs
[2024-02-07T08:53:41.534+0000] {logging_mixin.py:188} INFO - [2024-02-07T08:53:41.534+0000] {dag.py:3823} INFO - Setting next_dagrun for emp_load_to_snw to None, run_after=None
[2024-02-07T08:53:41.555+0000] {processor.py:183} INFO - Processing /opt/airflow/dags/6_talend_job.py took 0.074 seconds
[2024-02-07T08:54:12.564+0000] {processor.py:161} INFO - Started process (PID=1321) to work on /opt/airflow/dags/6_talend_job.py
[2024-02-07T08:54:12.566+0000] {processor.py:830} INFO - Processing file /opt/airflow/dags/6_talend_job.py for tasks to queue
[2024-02-07T08:54:12.567+0000] {logging_mixin.py:188} INFO - [2024-02-07T08:54:12.567+0000] {dagbag.py:538} INFO - Filling up the DagBag from /opt/airflow/dags/6_talend_job.py
[2024-02-07T08:54:12.573+0000] {processor.py:840} INFO - DAG(s) 'emp_load_to_snw' retrieved from /opt/airflow/dags/6_talend_job.py
[2024-02-07T08:54:12.593+0000] {logging_mixin.py:188} INFO - [2024-02-07T08:54:12.593+0000] {dag.py:3036} INFO - Sync 1 DAGs
[2024-02-07T08:54:12.604+0000] {logging_mixin.py:188} INFO - [2024-02-07T08:54:12.603+0000] {dag.py:3823} INFO - Setting next_dagrun for emp_load_to_snw to None, run_after=None
[2024-02-07T08:54:12.625+0000] {processor.py:183} INFO - Processing /opt/airflow/dags/6_talend_job.py took 0.063 seconds
[2024-02-07T08:54:43.611+0000] {processor.py:161} INFO - Started process (PID=1387) to work on /opt/airflow/dags/6_talend_job.py
[2024-02-07T08:54:43.613+0000] {processor.py:830} INFO - Processing file /opt/airflow/dags/6_talend_job.py for tasks to queue
[2024-02-07T08:54:43.615+0000] {logging_mixin.py:188} INFO - [2024-02-07T08:54:43.614+0000] {dagbag.py:538} INFO - Filling up the DagBag from /opt/airflow/dags/6_talend_job.py
[2024-02-07T08:54:43.620+0000] {processor.py:840} INFO - DAG(s) 'emp_load_to_snw' retrieved from /opt/airflow/dags/6_talend_job.py
[2024-02-07T08:54:43.641+0000] {logging_mixin.py:188} INFO - [2024-02-07T08:54:43.640+0000] {dag.py:3036} INFO - Sync 1 DAGs
[2024-02-07T08:54:43.652+0000] {logging_mixin.py:188} INFO - [2024-02-07T08:54:43.652+0000] {dag.py:3823} INFO - Setting next_dagrun for emp_load_to_snw to None, run_after=None
[2024-02-07T08:54:43.671+0000] {processor.py:183} INFO - Processing /opt/airflow/dags/6_talend_job.py took 0.063 seconds
[2024-02-07T08:55:13.823+0000] {processor.py:161} INFO - Started process (PID=1453) to work on /opt/airflow/dags/6_talend_job.py
[2024-02-07T08:55:13.825+0000] {processor.py:830} INFO - Processing file /opt/airflow/dags/6_talend_job.py for tasks to queue
[2024-02-07T08:55:13.827+0000] {logging_mixin.py:188} INFO - [2024-02-07T08:55:13.826+0000] {dagbag.py:538} INFO - Filling up the DagBag from /opt/airflow/dags/6_talend_job.py
[2024-02-07T08:55:13.834+0000] {processor.py:840} INFO - DAG(s) 'emp_load_to_snw' retrieved from /opt/airflow/dags/6_talend_job.py
[2024-02-07T08:55:13.861+0000] {logging_mixin.py:188} INFO - [2024-02-07T08:55:13.861+0000] {dag.py:3036} INFO - Sync 1 DAGs
[2024-02-07T08:55:13.874+0000] {logging_mixin.py:188} INFO - [2024-02-07T08:55:13.874+0000] {dag.py:3823} INFO - Setting next_dagrun for emp_load_to_snw to None, run_after=None
[2024-02-07T08:55:13.894+0000] {processor.py:183} INFO - Processing /opt/airflow/dags/6_talend_job.py took 0.075 seconds
[2024-02-07T08:55:43.945+0000] {processor.py:161} INFO - Started process (PID=1519) to work on /opt/airflow/dags/6_talend_job.py
[2024-02-07T08:55:43.946+0000] {processor.py:830} INFO - Processing file /opt/airflow/dags/6_talend_job.py for tasks to queue
[2024-02-07T08:55:43.948+0000] {logging_mixin.py:188} INFO - [2024-02-07T08:55:43.948+0000] {dagbag.py:538} INFO - Filling up the DagBag from /opt/airflow/dags/6_talend_job.py
[2024-02-07T08:55:43.955+0000] {processor.py:840} INFO - DAG(s) 'emp_load_to_snw' retrieved from /opt/airflow/dags/6_talend_job.py
[2024-02-07T08:55:43.978+0000] {logging_mixin.py:188} INFO - [2024-02-07T08:55:43.978+0000] {dag.py:3036} INFO - Sync 1 DAGs
[2024-02-07T08:55:43.991+0000] {logging_mixin.py:188} INFO - [2024-02-07T08:55:43.990+0000] {dag.py:3823} INFO - Setting next_dagrun for emp_load_to_snw to None, run_after=None
[2024-02-07T08:55:44.009+0000] {processor.py:183} INFO - Processing /opt/airflow/dags/6_talend_job.py took 0.067 seconds
[2024-02-07T08:56:14.264+0000] {processor.py:161} INFO - Started process (PID=1585) to work on /opt/airflow/dags/6_talend_job.py
[2024-02-07T08:56:14.265+0000] {processor.py:830} INFO - Processing file /opt/airflow/dags/6_talend_job.py for tasks to queue
[2024-02-07T08:56:14.267+0000] {logging_mixin.py:188} INFO - [2024-02-07T08:56:14.267+0000] {dagbag.py:538} INFO - Filling up the DagBag from /opt/airflow/dags/6_talend_job.py
[2024-02-07T08:56:14.273+0000] {processor.py:840} INFO - DAG(s) 'emp_load_to_snw' retrieved from /opt/airflow/dags/6_talend_job.py
[2024-02-07T08:56:14.295+0000] {logging_mixin.py:188} INFO - [2024-02-07T08:56:14.294+0000] {dag.py:3036} INFO - Sync 1 DAGs
[2024-02-07T08:56:14.306+0000] {logging_mixin.py:188} INFO - [2024-02-07T08:56:14.305+0000] {dag.py:3823} INFO - Setting next_dagrun for emp_load_to_snw to None, run_after=None
[2024-02-07T08:56:14.325+0000] {processor.py:183} INFO - Processing /opt/airflow/dags/6_talend_job.py took 0.063 seconds
[2024-02-07T08:56:44.528+0000] {processor.py:161} INFO - Started process (PID=1652) to work on /opt/airflow/dags/6_talend_job.py
[2024-02-07T08:56:44.532+0000] {processor.py:830} INFO - Processing file /opt/airflow/dags/6_talend_job.py for tasks to queue
[2024-02-07T08:56:44.535+0000] {logging_mixin.py:188} INFO - [2024-02-07T08:56:44.534+0000] {dagbag.py:538} INFO - Filling up the DagBag from /opt/airflow/dags/6_talend_job.py
[2024-02-07T08:56:44.543+0000] {processor.py:840} INFO - DAG(s) 'emp_load_to_snw' retrieved from /opt/airflow/dags/6_talend_job.py
[2024-02-07T08:56:44.578+0000] {logging_mixin.py:188} INFO - [2024-02-07T08:56:44.578+0000] {dag.py:3036} INFO - Sync 1 DAGs
[2024-02-07T08:56:44.600+0000] {logging_mixin.py:188} INFO - [2024-02-07T08:56:44.600+0000] {dag.py:3823} INFO - Setting next_dagrun for emp_load_to_snw to None, run_after=None
[2024-02-07T08:56:44.627+0000] {processor.py:183} INFO - Processing /opt/airflow/dags/6_talend_job.py took 0.103 seconds
[2024-02-07T08:57:14.852+0000] {processor.py:161} INFO - Started process (PID=1718) to work on /opt/airflow/dags/6_talend_job.py
[2024-02-07T08:57:14.854+0000] {processor.py:830} INFO - Processing file /opt/airflow/dags/6_talend_job.py for tasks to queue
[2024-02-07T08:57:14.856+0000] {logging_mixin.py:188} INFO - [2024-02-07T08:57:14.855+0000] {dagbag.py:538} INFO - Filling up the DagBag from /opt/airflow/dags/6_talend_job.py
[2024-02-07T08:57:14.863+0000] {processor.py:840} INFO - DAG(s) 'emp_load_to_snw' retrieved from /opt/airflow/dags/6_talend_job.py
[2024-02-07T08:57:14.887+0000] {logging_mixin.py:188} INFO - [2024-02-07T08:57:14.887+0000] {dag.py:3036} INFO - Sync 1 DAGs
[2024-02-07T08:57:14.900+0000] {logging_mixin.py:188} INFO - [2024-02-07T08:57:14.900+0000] {dag.py:3823} INFO - Setting next_dagrun for emp_load_to_snw to None, run_after=None
[2024-02-07T08:57:14.920+0000] {processor.py:183} INFO - Processing /opt/airflow/dags/6_talend_job.py took 0.072 seconds
[2024-02-07T08:57:44.956+0000] {processor.py:161} INFO - Started process (PID=1784) to work on /opt/airflow/dags/6_talend_job.py
[2024-02-07T08:57:44.957+0000] {processor.py:830} INFO - Processing file /opt/airflow/dags/6_talend_job.py for tasks to queue
[2024-02-07T08:57:44.959+0000] {logging_mixin.py:188} INFO - [2024-02-07T08:57:44.958+0000] {dagbag.py:538} INFO - Filling up the DagBag from /opt/airflow/dags/6_talend_job.py
[2024-02-07T08:57:44.965+0000] {processor.py:840} INFO - DAG(s) 'emp_load_to_snw' retrieved from /opt/airflow/dags/6_talend_job.py
[2024-02-07T08:57:44.987+0000] {logging_mixin.py:188} INFO - [2024-02-07T08:57:44.986+0000] {dag.py:3036} INFO - Sync 1 DAGs
[2024-02-07T08:57:44.999+0000] {logging_mixin.py:188} INFO - [2024-02-07T08:57:44.998+0000] {dag.py:3823} INFO - Setting next_dagrun for emp_load_to_snw to None, run_after=None
[2024-02-07T08:57:45.021+0000] {processor.py:183} INFO - Processing /opt/airflow/dags/6_talend_job.py took 0.068 seconds
[2024-02-07T08:58:16.039+0000] {processor.py:161} INFO - Started process (PID=1850) to work on /opt/airflow/dags/6_talend_job.py
[2024-02-07T08:58:16.040+0000] {processor.py:830} INFO - Processing file /opt/airflow/dags/6_talend_job.py for tasks to queue
[2024-02-07T08:58:16.042+0000] {logging_mixin.py:188} INFO - [2024-02-07T08:58:16.042+0000] {dagbag.py:538} INFO - Filling up the DagBag from /opt/airflow/dags/6_talend_job.py
[2024-02-07T08:58:16.047+0000] {processor.py:840} INFO - DAG(s) 'emp_load_to_snw' retrieved from /opt/airflow/dags/6_talend_job.py
[2024-02-07T08:58:16.067+0000] {logging_mixin.py:188} INFO - [2024-02-07T08:58:16.067+0000] {dag.py:3036} INFO - Sync 1 DAGs
[2024-02-07T08:58:16.078+0000] {logging_mixin.py:188} INFO - [2024-02-07T08:58:16.078+0000] {dag.py:3823} INFO - Setting next_dagrun for emp_load_to_snw to None, run_after=None
[2024-02-07T08:58:16.096+0000] {processor.py:183} INFO - Processing /opt/airflow/dags/6_talend_job.py took 0.061 seconds
[2024-02-07T08:58:46.886+0000] {processor.py:161} INFO - Started process (PID=1916) to work on /opt/airflow/dags/6_talend_job.py
[2024-02-07T08:58:46.887+0000] {processor.py:830} INFO - Processing file /opt/airflow/dags/6_talend_job.py for tasks to queue
[2024-02-07T08:58:46.888+0000] {logging_mixin.py:188} INFO - [2024-02-07T08:58:46.888+0000] {dagbag.py:538} INFO - Filling up the DagBag from /opt/airflow/dags/6_talend_job.py
[2024-02-07T08:58:46.894+0000] {processor.py:840} INFO - DAG(s) 'emp_load_to_snw' retrieved from /opt/airflow/dags/6_talend_job.py
[2024-02-07T08:58:46.914+0000] {logging_mixin.py:188} INFO - [2024-02-07T08:58:46.914+0000] {dag.py:3036} INFO - Sync 1 DAGs
[2024-02-07T08:58:46.924+0000] {logging_mixin.py:188} INFO - [2024-02-07T08:58:46.924+0000] {dag.py:3823} INFO - Setting next_dagrun for emp_load_to_snw to None, run_after=None
[2024-02-07T08:58:46.943+0000] {processor.py:183} INFO - Processing /opt/airflow/dags/6_talend_job.py took 0.060 seconds
[2024-02-07T08:59:17.843+0000] {processor.py:161} INFO - Started process (PID=1982) to work on /opt/airflow/dags/6_talend_job.py
[2024-02-07T08:59:17.849+0000] {processor.py:830} INFO - Processing file /opt/airflow/dags/6_talend_job.py for tasks to queue
[2024-02-07T08:59:17.851+0000] {logging_mixin.py:188} INFO - [2024-02-07T08:59:17.850+0000] {dagbag.py:538} INFO - Filling up the DagBag from /opt/airflow/dags/6_talend_job.py
[2024-02-07T08:59:17.856+0000] {processor.py:840} INFO - DAG(s) 'emp_load_to_snw' retrieved from /opt/airflow/dags/6_talend_job.py
[2024-02-07T08:59:17.876+0000] {logging_mixin.py:188} INFO - [2024-02-07T08:59:17.876+0000] {dag.py:3036} INFO - Sync 1 DAGs
[2024-02-07T08:59:17.889+0000] {logging_mixin.py:188} INFO - [2024-02-07T08:59:17.888+0000] {dag.py:3823} INFO - Setting next_dagrun for emp_load_to_snw to None, run_after=None
[2024-02-07T08:59:17.922+0000] {processor.py:183} INFO - Processing /opt/airflow/dags/6_talend_job.py took 0.082 seconds
[2024-02-07T08:59:48.724+0000] {processor.py:161} INFO - Started process (PID=2048) to work on /opt/airflow/dags/6_talend_job.py
[2024-02-07T08:59:48.725+0000] {processor.py:830} INFO - Processing file /opt/airflow/dags/6_talend_job.py for tasks to queue
[2024-02-07T08:59:48.727+0000] {logging_mixin.py:188} INFO - [2024-02-07T08:59:48.727+0000] {dagbag.py:538} INFO - Filling up the DagBag from /opt/airflow/dags/6_talend_job.py
[2024-02-07T08:59:48.733+0000] {processor.py:840} INFO - DAG(s) 'emp_load_to_snw' retrieved from /opt/airflow/dags/6_talend_job.py
[2024-02-07T08:59:48.756+0000] {logging_mixin.py:188} INFO - [2024-02-07T08:59:48.756+0000] {dag.py:3036} INFO - Sync 1 DAGs
[2024-02-07T08:59:48.768+0000] {logging_mixin.py:188} INFO - [2024-02-07T08:59:48.768+0000] {dag.py:3823} INFO - Setting next_dagrun for emp_load_to_snw to None, run_after=None
[2024-02-07T08:59:48.791+0000] {processor.py:183} INFO - Processing /opt/airflow/dags/6_talend_job.py took 0.071 seconds
[2024-02-07T09:00:18.817+0000] {processor.py:161} INFO - Started process (PID=2114) to work on /opt/airflow/dags/6_talend_job.py
[2024-02-07T09:00:18.818+0000] {processor.py:830} INFO - Processing file /opt/airflow/dags/6_talend_job.py for tasks to queue
[2024-02-07T09:00:18.820+0000] {logging_mixin.py:188} INFO - [2024-02-07T09:00:18.820+0000] {dagbag.py:538} INFO - Filling up the DagBag from /opt/airflow/dags/6_talend_job.py
[2024-02-07T09:00:18.825+0000] {processor.py:840} INFO - DAG(s) 'emp_load_to_snw' retrieved from /opt/airflow/dags/6_talend_job.py
[2024-02-07T09:00:18.845+0000] {logging_mixin.py:188} INFO - [2024-02-07T09:00:18.845+0000] {dag.py:3036} INFO - Sync 1 DAGs
[2024-02-07T09:00:18.857+0000] {logging_mixin.py:188} INFO - [2024-02-07T09:00:18.857+0000] {dag.py:3823} INFO - Setting next_dagrun for emp_load_to_snw to None, run_after=None
[2024-02-07T09:00:18.878+0000] {processor.py:183} INFO - Processing /opt/airflow/dags/6_talend_job.py took 0.065 seconds
[2024-02-07T09:00:49.013+0000] {processor.py:161} INFO - Started process (PID=2180) to work on /opt/airflow/dags/6_talend_job.py
[2024-02-07T09:00:49.018+0000] {processor.py:830} INFO - Processing file /opt/airflow/dags/6_talend_job.py for tasks to queue
[2024-02-07T09:00:49.020+0000] {logging_mixin.py:188} INFO - [2024-02-07T09:00:49.019+0000] {dagbag.py:538} INFO - Filling up the DagBag from /opt/airflow/dags/6_talend_job.py
[2024-02-07T09:00:49.025+0000] {processor.py:840} INFO - DAG(s) 'emp_load_to_snw' retrieved from /opt/airflow/dags/6_talend_job.py
[2024-02-07T09:00:49.048+0000] {logging_mixin.py:188} INFO - [2024-02-07T09:00:49.048+0000] {dag.py:3036} INFO - Sync 1 DAGs
[2024-02-07T09:00:49.060+0000] {logging_mixin.py:188} INFO - [2024-02-07T09:00:49.060+0000] {dag.py:3823} INFO - Setting next_dagrun for emp_load_to_snw to None, run_after=None
[2024-02-07T09:00:49.082+0000] {processor.py:183} INFO - Processing /opt/airflow/dags/6_talend_job.py took 0.073 seconds
[2024-02-07T09:01:19.118+0000] {processor.py:161} INFO - Started process (PID=2246) to work on /opt/airflow/dags/6_talend_job.py
[2024-02-07T09:01:19.119+0000] {processor.py:830} INFO - Processing file /opt/airflow/dags/6_talend_job.py for tasks to queue
[2024-02-07T09:01:19.121+0000] {logging_mixin.py:188} INFO - [2024-02-07T09:01:19.121+0000] {dagbag.py:538} INFO - Filling up the DagBag from /opt/airflow/dags/6_talend_job.py
[2024-02-07T09:01:19.126+0000] {processor.py:840} INFO - DAG(s) 'emp_load_to_snw' retrieved from /opt/airflow/dags/6_talend_job.py
[2024-02-07T09:01:19.147+0000] {logging_mixin.py:188} INFO - [2024-02-07T09:01:19.147+0000] {dag.py:3036} INFO - Sync 1 DAGs
[2024-02-07T09:01:19.157+0000] {logging_mixin.py:188} INFO - [2024-02-07T09:01:19.157+0000] {dag.py:3823} INFO - Setting next_dagrun for emp_load_to_snw to None, run_after=None
[2024-02-07T09:01:19.176+0000] {processor.py:183} INFO - Processing /opt/airflow/dags/6_talend_job.py took 0.061 seconds
[2024-02-07T09:01:50.050+0000] {processor.py:161} INFO - Started process (PID=2312) to work on /opt/airflow/dags/6_talend_job.py
[2024-02-07T09:01:50.051+0000] {processor.py:830} INFO - Processing file /opt/airflow/dags/6_talend_job.py for tasks to queue
[2024-02-07T09:01:50.053+0000] {logging_mixin.py:188} INFO - [2024-02-07T09:01:50.053+0000] {dagbag.py:538} INFO - Filling up the DagBag from /opt/airflow/dags/6_talend_job.py
[2024-02-07T09:01:50.058+0000] {processor.py:840} INFO - DAG(s) 'emp_load_to_snw' retrieved from /opt/airflow/dags/6_talend_job.py
[2024-02-07T09:01:50.082+0000] {logging_mixin.py:188} INFO - [2024-02-07T09:01:50.081+0000] {dag.py:3036} INFO - Sync 1 DAGs
[2024-02-07T09:01:50.092+0000] {logging_mixin.py:188} INFO - [2024-02-07T09:01:50.092+0000] {dag.py:3823} INFO - Setting next_dagrun for emp_load_to_snw to None, run_after=None
[2024-02-07T09:01:50.115+0000] {processor.py:183} INFO - Processing /opt/airflow/dags/6_talend_job.py took 0.068 seconds
[2024-02-07T09:02:20.225+0000] {processor.py:161} INFO - Started process (PID=2378) to work on /opt/airflow/dags/6_talend_job.py
[2024-02-07T09:02:20.230+0000] {processor.py:830} INFO - Processing file /opt/airflow/dags/6_talend_job.py for tasks to queue
[2024-02-07T09:02:20.231+0000] {logging_mixin.py:188} INFO - [2024-02-07T09:02:20.231+0000] {dagbag.py:538} INFO - Filling up the DagBag from /opt/airflow/dags/6_talend_job.py
[2024-02-07T09:02:20.236+0000] {processor.py:840} INFO - DAG(s) 'emp_load_to_snw' retrieved from /opt/airflow/dags/6_talend_job.py
[2024-02-07T09:02:20.258+0000] {logging_mixin.py:188} INFO - [2024-02-07T09:02:20.257+0000] {dag.py:3036} INFO - Sync 1 DAGs
[2024-02-07T09:02:20.268+0000] {logging_mixin.py:188} INFO - [2024-02-07T09:02:20.268+0000] {dag.py:3823} INFO - Setting next_dagrun for emp_load_to_snw to None, run_after=None
[2024-02-07T09:02:20.286+0000] {processor.py:183} INFO - Processing /opt/airflow/dags/6_talend_job.py took 0.064 seconds
[2024-02-07T09:02:51.018+0000] {processor.py:161} INFO - Started process (PID=2444) to work on /opt/airflow/dags/6_talend_job.py
[2024-02-07T09:02:51.019+0000] {processor.py:830} INFO - Processing file /opt/airflow/dags/6_talend_job.py for tasks to queue
[2024-02-07T09:02:51.021+0000] {logging_mixin.py:188} INFO - [2024-02-07T09:02:51.021+0000] {dagbag.py:538} INFO - Filling up the DagBag from /opt/airflow/dags/6_talend_job.py
[2024-02-07T09:02:51.031+0000] {processor.py:840} INFO - DAG(s) 'emp_load_to_snw' retrieved from /opt/airflow/dags/6_talend_job.py
[2024-02-07T09:02:51.054+0000] {logging_mixin.py:188} INFO - [2024-02-07T09:02:51.054+0000] {dag.py:3036} INFO - Sync 1 DAGs
[2024-02-07T09:02:51.066+0000] {logging_mixin.py:188} INFO - [2024-02-07T09:02:51.065+0000] {dag.py:3823} INFO - Setting next_dagrun for emp_load_to_snw to None, run_after=None
[2024-02-07T09:02:51.084+0000] {processor.py:183} INFO - Processing /opt/airflow/dags/6_talend_job.py took 0.070 seconds
[2024-02-07T09:03:21.993+0000] {processor.py:161} INFO - Started process (PID=2510) to work on /opt/airflow/dags/6_talend_job.py
[2024-02-07T09:03:21.994+0000] {processor.py:830} INFO - Processing file /opt/airflow/dags/6_talend_job.py for tasks to queue
[2024-02-07T09:03:21.996+0000] {logging_mixin.py:188} INFO - [2024-02-07T09:03:21.996+0000] {dagbag.py:538} INFO - Filling up the DagBag from /opt/airflow/dags/6_talend_job.py
[2024-02-07T09:03:22.002+0000] {processor.py:840} INFO - DAG(s) 'emp_load_to_snw' retrieved from /opt/airflow/dags/6_talend_job.py
[2024-02-07T09:03:22.027+0000] {logging_mixin.py:188} INFO - [2024-02-07T09:03:22.027+0000] {dag.py:3036} INFO - Sync 1 DAGs
[2024-02-07T09:03:22.041+0000] {logging_mixin.py:188} INFO - [2024-02-07T09:03:22.041+0000] {dag.py:3823} INFO - Setting next_dagrun for emp_load_to_snw to None, run_after=None
[2024-02-07T09:03:22.064+0000] {processor.py:183} INFO - Processing /opt/airflow/dags/6_talend_job.py took 0.075 seconds
[2024-02-07T09:03:52.917+0000] {processor.py:161} INFO - Started process (PID=2582) to work on /opt/airflow/dags/6_talend_job.py
[2024-02-07T09:03:52.922+0000] {processor.py:830} INFO - Processing file /opt/airflow/dags/6_talend_job.py for tasks to queue
[2024-02-07T09:03:52.924+0000] {logging_mixin.py:188} INFO - [2024-02-07T09:03:52.924+0000] {dagbag.py:538} INFO - Filling up the DagBag from /opt/airflow/dags/6_talend_job.py
[2024-02-07T09:03:52.928+0000] {processor.py:840} INFO - DAG(s) 'emp_load_to_snw' retrieved from /opt/airflow/dags/6_talend_job.py
[2024-02-07T09:03:52.949+0000] {logging_mixin.py:188} INFO - [2024-02-07T09:03:52.949+0000] {dag.py:3036} INFO - Sync 1 DAGs
[2024-02-07T09:03:52.959+0000] {logging_mixin.py:188} INFO - [2024-02-07T09:03:52.959+0000] {dag.py:3823} INFO - Setting next_dagrun for emp_load_to_snw to None, run_after=None
[2024-02-07T09:03:52.979+0000] {processor.py:183} INFO - Processing /opt/airflow/dags/6_talend_job.py took 0.064 seconds
