[2024-02-07T08:48:35.773+0000] {processor.py:161} INFO - Started process (PID=593) to work on /opt/airflow/dags/7_emp_snow_cp.py
[2024-02-07T08:48:35.775+0000] {processor.py:830} INFO - Processing file /opt/airflow/dags/7_emp_snow_cp.py for tasks to queue
[2024-02-07T08:48:35.776+0000] {logging_mixin.py:188} INFO - [2024-02-07T08:48:35.776+0000] {dagbag.py:538} INFO - Filling up the DagBag from /opt/airflow/dags/7_emp_snow_cp.py
[2024-02-07T08:48:35.782+0000] {processor.py:840} INFO - DAG(s) 'emp_snow_cp' retrieved from /opt/airflow/dags/7_emp_snow_cp.py
[2024-02-07T08:48:35.888+0000] {logging_mixin.py:188} INFO - [2024-02-07T08:48:35.887+0000] {override.py:1769} INFO - Created Permission View: can read on DAG:emp_snow_cp
[2024-02-07T08:48:35.899+0000] {logging_mixin.py:188} INFO - [2024-02-07T08:48:35.899+0000] {override.py:1769} INFO - Created Permission View: can delete on DAG:emp_snow_cp
[2024-02-07T08:48:35.908+0000] {logging_mixin.py:188} INFO - [2024-02-07T08:48:35.908+0000] {override.py:1769} INFO - Created Permission View: can edit on DAG:emp_snow_cp
[2024-02-07T08:48:35.909+0000] {logging_mixin.py:188} INFO - [2024-02-07T08:48:35.908+0000] {dag.py:3036} INFO - Sync 1 DAGs
[2024-02-07T08:48:35.919+0000] {logging_mixin.py:188} INFO - [2024-02-07T08:48:35.919+0000] {dag.py:3058} INFO - Creating ORM DAG for emp_snow_cp
[2024-02-07T08:48:35.920+0000] {logging_mixin.py:188} INFO - [2024-02-07T08:48:35.920+0000] {dag.py:3823} INFO - Setting next_dagrun for emp_snow_cp to None, run_after=None
[2024-02-07T08:48:35.937+0000] {processor.py:183} INFO - Processing /opt/airflow/dags/7_emp_snow_cp.py took 0.166 seconds
[2024-02-07T08:49:06.841+0000] {processor.py:161} INFO - Started process (PID=660) to work on /opt/airflow/dags/7_emp_snow_cp.py
[2024-02-07T08:49:06.843+0000] {processor.py:830} INFO - Processing file /opt/airflow/dags/7_emp_snow_cp.py for tasks to queue
[2024-02-07T08:49:06.847+0000] {logging_mixin.py:188} INFO - [2024-02-07T08:49:06.846+0000] {dagbag.py:538} INFO - Filling up the DagBag from /opt/airflow/dags/7_emp_snow_cp.py
[2024-02-07T08:49:06.860+0000] {processor.py:840} INFO - DAG(s) 'emp_snow_cp' retrieved from /opt/airflow/dags/7_emp_snow_cp.py
[2024-02-07T08:49:06.893+0000] {logging_mixin.py:188} INFO - [2024-02-07T08:49:06.893+0000] {dag.py:3036} INFO - Sync 1 DAGs
[2024-02-07T08:49:06.915+0000] {logging_mixin.py:188} INFO - [2024-02-07T08:49:06.914+0000] {dag.py:3823} INFO - Setting next_dagrun for emp_snow_cp to None, run_after=None
[2024-02-07T08:49:06.948+0000] {processor.py:183} INFO - Processing /opt/airflow/dags/7_emp_snow_cp.py took 0.112 seconds
[2024-02-07T08:49:37.125+0000] {processor.py:161} INFO - Started process (PID=726) to work on /opt/airflow/dags/7_emp_snow_cp.py
[2024-02-07T08:49:37.136+0000] {processor.py:830} INFO - Processing file /opt/airflow/dags/7_emp_snow_cp.py for tasks to queue
[2024-02-07T08:49:37.138+0000] {logging_mixin.py:188} INFO - [2024-02-07T08:49:37.138+0000] {dagbag.py:538} INFO - Filling up the DagBag from /opt/airflow/dags/7_emp_snow_cp.py
[2024-02-07T08:49:37.144+0000] {processor.py:840} INFO - DAG(s) 'emp_snow_cp' retrieved from /opt/airflow/dags/7_emp_snow_cp.py
[2024-02-07T08:49:37.164+0000] {logging_mixin.py:188} INFO - [2024-02-07T08:49:37.164+0000] {dag.py:3036} INFO - Sync 1 DAGs
[2024-02-07T08:49:37.177+0000] {logging_mixin.py:188} INFO - [2024-02-07T08:49:37.177+0000] {dag.py:3823} INFO - Setting next_dagrun for emp_snow_cp to None, run_after=None
[2024-02-07T08:49:37.202+0000] {processor.py:183} INFO - Processing /opt/airflow/dags/7_emp_snow_cp.py took 0.080 seconds
[2024-02-07T08:50:07.368+0000] {processor.py:161} INFO - Started process (PID=792) to work on /opt/airflow/dags/7_emp_snow_cp.py
[2024-02-07T08:50:07.379+0000] {processor.py:830} INFO - Processing file /opt/airflow/dags/7_emp_snow_cp.py for tasks to queue
[2024-02-07T08:50:07.381+0000] {logging_mixin.py:188} INFO - [2024-02-07T08:50:07.381+0000] {dagbag.py:538} INFO - Filling up the DagBag from /opt/airflow/dags/7_emp_snow_cp.py
[2024-02-07T08:50:07.387+0000] {processor.py:840} INFO - DAG(s) 'emp_snow_cp' retrieved from /opt/airflow/dags/7_emp_snow_cp.py
[2024-02-07T08:50:07.405+0000] {logging_mixin.py:188} INFO - [2024-02-07T08:50:07.405+0000] {dag.py:3036} INFO - Sync 1 DAGs
[2024-02-07T08:50:07.417+0000] {logging_mixin.py:188} INFO - [2024-02-07T08:50:07.417+0000] {dag.py:3823} INFO - Setting next_dagrun for emp_snow_cp to None, run_after=None
[2024-02-07T08:50:07.437+0000] {processor.py:183} INFO - Processing /opt/airflow/dags/7_emp_snow_cp.py took 0.071 seconds
[2024-02-07T08:50:38.252+0000] {processor.py:161} INFO - Started process (PID=858) to work on /opt/airflow/dags/7_emp_snow_cp.py
[2024-02-07T08:50:38.265+0000] {processor.py:830} INFO - Processing file /opt/airflow/dags/7_emp_snow_cp.py for tasks to queue
[2024-02-07T08:50:38.266+0000] {logging_mixin.py:188} INFO - [2024-02-07T08:50:38.266+0000] {dagbag.py:538} INFO - Filling up the DagBag from /opt/airflow/dags/7_emp_snow_cp.py
[2024-02-07T08:50:38.274+0000] {processor.py:840} INFO - DAG(s) 'emp_snow_cp' retrieved from /opt/airflow/dags/7_emp_snow_cp.py
[2024-02-07T08:50:38.295+0000] {logging_mixin.py:188} INFO - [2024-02-07T08:50:38.295+0000] {dag.py:3036} INFO - Sync 1 DAGs
[2024-02-07T08:50:38.307+0000] {logging_mixin.py:188} INFO - [2024-02-07T08:50:38.307+0000] {dag.py:3823} INFO - Setting next_dagrun for emp_snow_cp to None, run_after=None
[2024-02-07T08:50:38.326+0000] {processor.py:183} INFO - Processing /opt/airflow/dags/7_emp_snow_cp.py took 0.077 seconds
[2024-02-07T08:51:08.982+0000] {processor.py:161} INFO - Started process (PID=924) to work on /opt/airflow/dags/7_emp_snow_cp.py
[2024-02-07T08:51:08.994+0000] {processor.py:830} INFO - Processing file /opt/airflow/dags/7_emp_snow_cp.py for tasks to queue
[2024-02-07T08:51:08.995+0000] {logging_mixin.py:188} INFO - [2024-02-07T08:51:08.995+0000] {dagbag.py:538} INFO - Filling up the DagBag from /opt/airflow/dags/7_emp_snow_cp.py
[2024-02-07T08:51:09.001+0000] {processor.py:840} INFO - DAG(s) 'emp_snow_cp' retrieved from /opt/airflow/dags/7_emp_snow_cp.py
[2024-02-07T08:51:09.019+0000] {logging_mixin.py:188} INFO - [2024-02-07T08:51:09.019+0000] {dag.py:3036} INFO - Sync 1 DAGs
[2024-02-07T08:51:09.030+0000] {logging_mixin.py:188} INFO - [2024-02-07T08:51:09.030+0000] {dag.py:3823} INFO - Setting next_dagrun for emp_snow_cp to None, run_after=None
[2024-02-07T08:51:09.049+0000] {processor.py:183} INFO - Processing /opt/airflow/dags/7_emp_snow_cp.py took 0.070 seconds
[2024-02-07T08:51:39.963+0000] {processor.py:161} INFO - Started process (PID=990) to work on /opt/airflow/dags/7_emp_snow_cp.py
[2024-02-07T08:51:39.974+0000] {processor.py:830} INFO - Processing file /opt/airflow/dags/7_emp_snow_cp.py for tasks to queue
[2024-02-07T08:51:39.976+0000] {logging_mixin.py:188} INFO - [2024-02-07T08:51:39.976+0000] {dagbag.py:538} INFO - Filling up the DagBag from /opt/airflow/dags/7_emp_snow_cp.py
[2024-02-07T08:51:39.981+0000] {processor.py:840} INFO - DAG(s) 'emp_snow_cp' retrieved from /opt/airflow/dags/7_emp_snow_cp.py
[2024-02-07T08:51:39.999+0000] {logging_mixin.py:188} INFO - [2024-02-07T08:51:39.999+0000] {dag.py:3036} INFO - Sync 1 DAGs
[2024-02-07T08:51:40.012+0000] {logging_mixin.py:188} INFO - [2024-02-07T08:51:40.012+0000] {dag.py:3823} INFO - Setting next_dagrun for emp_snow_cp to None, run_after=None
[2024-02-07T08:51:40.031+0000] {processor.py:183} INFO - Processing /opt/airflow/dags/7_emp_snow_cp.py took 0.072 seconds
[2024-02-07T08:52:10.140+0000] {processor.py:161} INFO - Started process (PID=1056) to work on /opt/airflow/dags/7_emp_snow_cp.py
[2024-02-07T08:52:10.154+0000] {processor.py:830} INFO - Processing file /opt/airflow/dags/7_emp_snow_cp.py for tasks to queue
[2024-02-07T08:52:10.156+0000] {logging_mixin.py:188} INFO - [2024-02-07T08:52:10.155+0000] {dagbag.py:538} INFO - Filling up the DagBag from /opt/airflow/dags/7_emp_snow_cp.py
[2024-02-07T08:52:10.162+0000] {processor.py:840} INFO - DAG(s) 'emp_snow_cp' retrieved from /opt/airflow/dags/7_emp_snow_cp.py
[2024-02-07T08:52:10.181+0000] {logging_mixin.py:188} INFO - [2024-02-07T08:52:10.181+0000] {dag.py:3036} INFO - Sync 1 DAGs
[2024-02-07T08:52:10.196+0000] {logging_mixin.py:188} INFO - [2024-02-07T08:52:10.196+0000] {dag.py:3823} INFO - Setting next_dagrun for emp_snow_cp to None, run_after=None
[2024-02-07T08:52:10.220+0000] {processor.py:183} INFO - Processing /opt/airflow/dags/7_emp_snow_cp.py took 0.084 seconds
[2024-02-07T08:52:40.327+0000] {processor.py:161} INFO - Started process (PID=1122) to work on /opt/airflow/dags/7_emp_snow_cp.py
[2024-02-07T08:52:40.329+0000] {processor.py:830} INFO - Processing file /opt/airflow/dags/7_emp_snow_cp.py for tasks to queue
[2024-02-07T08:52:40.330+0000] {logging_mixin.py:188} INFO - [2024-02-07T08:52:40.330+0000] {dagbag.py:538} INFO - Filling up the DagBag from /opt/airflow/dags/7_emp_snow_cp.py
[2024-02-07T08:52:40.335+0000] {processor.py:840} INFO - DAG(s) 'emp_snow_cp' retrieved from /opt/airflow/dags/7_emp_snow_cp.py
[2024-02-07T08:52:40.353+0000] {logging_mixin.py:188} INFO - [2024-02-07T08:52:40.353+0000] {dag.py:3036} INFO - Sync 1 DAGs
[2024-02-07T08:52:40.365+0000] {logging_mixin.py:188} INFO - [2024-02-07T08:52:40.364+0000] {dag.py:3823} INFO - Setting next_dagrun for emp_snow_cp to None, run_after=None
[2024-02-07T08:52:40.383+0000] {processor.py:183} INFO - Processing /opt/airflow/dags/7_emp_snow_cp.py took 0.059 seconds
[2024-02-07T08:53:11.212+0000] {processor.py:161} INFO - Started process (PID=1188) to work on /opt/airflow/dags/7_emp_snow_cp.py
[2024-02-07T08:53:11.214+0000] {processor.py:830} INFO - Processing file /opt/airflow/dags/7_emp_snow_cp.py for tasks to queue
[2024-02-07T08:53:11.216+0000] {logging_mixin.py:188} INFO - [2024-02-07T08:53:11.216+0000] {dagbag.py:538} INFO - Filling up the DagBag from /opt/airflow/dags/7_emp_snow_cp.py
[2024-02-07T08:53:11.222+0000] {processor.py:840} INFO - DAG(s) 'emp_snow_cp' retrieved from /opt/airflow/dags/7_emp_snow_cp.py
[2024-02-07T08:53:11.241+0000] {logging_mixin.py:188} INFO - [2024-02-07T08:53:11.241+0000] {dag.py:3036} INFO - Sync 1 DAGs
[2024-02-07T08:53:11.253+0000] {logging_mixin.py:188} INFO - [2024-02-07T08:53:11.253+0000] {dag.py:3823} INFO - Setting next_dagrun for emp_snow_cp to None, run_after=None
[2024-02-07T08:53:11.272+0000] {processor.py:183} INFO - Processing /opt/airflow/dags/7_emp_snow_cp.py took 0.062 seconds
[2024-02-07T08:53:41.476+0000] {processor.py:161} INFO - Started process (PID=1254) to work on /opt/airflow/dags/7_emp_snow_cp.py
[2024-02-07T08:53:41.489+0000] {processor.py:830} INFO - Processing file /opt/airflow/dags/7_emp_snow_cp.py for tasks to queue
[2024-02-07T08:53:41.492+0000] {logging_mixin.py:188} INFO - [2024-02-07T08:53:41.491+0000] {dagbag.py:538} INFO - Filling up the DagBag from /opt/airflow/dags/7_emp_snow_cp.py
[2024-02-07T08:53:41.499+0000] {processor.py:840} INFO - DAG(s) 'emp_snow_cp' retrieved from /opt/airflow/dags/7_emp_snow_cp.py
[2024-02-07T08:53:41.519+0000] {logging_mixin.py:188} INFO - [2024-02-07T08:53:41.519+0000] {dag.py:3036} INFO - Sync 1 DAGs
[2024-02-07T08:53:41.531+0000] {logging_mixin.py:188} INFO - [2024-02-07T08:53:41.530+0000] {dag.py:3823} INFO - Setting next_dagrun for emp_snow_cp to None, run_after=None
[2024-02-07T08:53:41.551+0000] {processor.py:183} INFO - Processing /opt/airflow/dags/7_emp_snow_cp.py took 0.078 seconds
[2024-02-07T08:54:12.558+0000] {processor.py:161} INFO - Started process (PID=1320) to work on /opt/airflow/dags/7_emp_snow_cp.py
[2024-02-07T08:54:12.560+0000] {processor.py:830} INFO - Processing file /opt/airflow/dags/7_emp_snow_cp.py for tasks to queue
[2024-02-07T08:54:12.562+0000] {logging_mixin.py:188} INFO - [2024-02-07T08:54:12.561+0000] {dagbag.py:538} INFO - Filling up the DagBag from /opt/airflow/dags/7_emp_snow_cp.py
[2024-02-07T08:54:12.567+0000] {processor.py:840} INFO - DAG(s) 'emp_snow_cp' retrieved from /opt/airflow/dags/7_emp_snow_cp.py
[2024-02-07T08:54:12.585+0000] {logging_mixin.py:188} INFO - [2024-02-07T08:54:12.585+0000] {dag.py:3036} INFO - Sync 1 DAGs
[2024-02-07T08:54:12.596+0000] {logging_mixin.py:188} INFO - [2024-02-07T08:54:12.596+0000] {dag.py:3823} INFO - Setting next_dagrun for emp_snow_cp to None, run_after=None
[2024-02-07T08:54:12.616+0000] {processor.py:183} INFO - Processing /opt/airflow/dags/7_emp_snow_cp.py took 0.060 seconds
[2024-02-07T08:54:43.605+0000] {processor.py:161} INFO - Started process (PID=1386) to work on /opt/airflow/dags/7_emp_snow_cp.py
[2024-02-07T08:54:43.606+0000] {processor.py:830} INFO - Processing file /opt/airflow/dags/7_emp_snow_cp.py for tasks to queue
[2024-02-07T08:54:43.608+0000] {logging_mixin.py:188} INFO - [2024-02-07T08:54:43.608+0000] {dagbag.py:538} INFO - Filling up the DagBag from /opt/airflow/dags/7_emp_snow_cp.py
[2024-02-07T08:54:43.613+0000] {processor.py:840} INFO - DAG(s) 'emp_snow_cp' retrieved from /opt/airflow/dags/7_emp_snow_cp.py
[2024-02-07T08:54:43.630+0000] {logging_mixin.py:188} INFO - [2024-02-07T08:54:43.630+0000] {dag.py:3036} INFO - Sync 1 DAGs
[2024-02-07T08:54:43.642+0000] {logging_mixin.py:188} INFO - [2024-02-07T08:54:43.642+0000] {dag.py:3823} INFO - Setting next_dagrun for emp_snow_cp to None, run_after=None
[2024-02-07T08:54:43.661+0000] {processor.py:183} INFO - Processing /opt/airflow/dags/7_emp_snow_cp.py took 0.059 seconds
[2024-02-07T08:55:13.816+0000] {processor.py:161} INFO - Started process (PID=1452) to work on /opt/airflow/dags/7_emp_snow_cp.py
[2024-02-07T08:55:13.818+0000] {processor.py:830} INFO - Processing file /opt/airflow/dags/7_emp_snow_cp.py for tasks to queue
[2024-02-07T08:55:13.820+0000] {logging_mixin.py:188} INFO - [2024-02-07T08:55:13.819+0000] {dagbag.py:538} INFO - Filling up the DagBag from /opt/airflow/dags/7_emp_snow_cp.py
[2024-02-07T08:55:13.826+0000] {processor.py:840} INFO - DAG(s) 'emp_snow_cp' retrieved from /opt/airflow/dags/7_emp_snow_cp.py
[2024-02-07T08:55:13.852+0000] {logging_mixin.py:188} INFO - [2024-02-07T08:55:13.852+0000] {dag.py:3036} INFO - Sync 1 DAGs
[2024-02-07T08:55:13.867+0000] {logging_mixin.py:188} INFO - [2024-02-07T08:55:13.867+0000] {dag.py:3823} INFO - Setting next_dagrun for emp_snow_cp to None, run_after=None
[2024-02-07T08:55:13.889+0000] {processor.py:183} INFO - Processing /opt/airflow/dags/7_emp_snow_cp.py took 0.076 seconds
[2024-02-07T08:55:43.937+0000] {processor.py:161} INFO - Started process (PID=1518) to work on /opt/airflow/dags/7_emp_snow_cp.py
[2024-02-07T08:55:43.938+0000] {processor.py:830} INFO - Processing file /opt/airflow/dags/7_emp_snow_cp.py for tasks to queue
[2024-02-07T08:55:43.941+0000] {logging_mixin.py:188} INFO - [2024-02-07T08:55:43.941+0000] {dagbag.py:538} INFO - Filling up the DagBag from /opt/airflow/dags/7_emp_snow_cp.py
[2024-02-07T08:55:43.946+0000] {processor.py:840} INFO - DAG(s) 'emp_snow_cp' retrieved from /opt/airflow/dags/7_emp_snow_cp.py
[2024-02-07T08:55:43.969+0000] {logging_mixin.py:188} INFO - [2024-02-07T08:55:43.968+0000] {dag.py:3036} INFO - Sync 1 DAGs
[2024-02-07T08:55:43.981+0000] {logging_mixin.py:188} INFO - [2024-02-07T08:55:43.980+0000] {dag.py:3823} INFO - Setting next_dagrun for emp_snow_cp to None, run_after=None
[2024-02-07T08:55:44.000+0000] {processor.py:183} INFO - Processing /opt/airflow/dags/7_emp_snow_cp.py took 0.066 seconds
[2024-02-07T08:56:14.257+0000] {processor.py:161} INFO - Started process (PID=1584) to work on /opt/airflow/dags/7_emp_snow_cp.py
[2024-02-07T08:56:14.258+0000] {processor.py:830} INFO - Processing file /opt/airflow/dags/7_emp_snow_cp.py for tasks to queue
[2024-02-07T08:56:14.260+0000] {logging_mixin.py:188} INFO - [2024-02-07T08:56:14.260+0000] {dagbag.py:538} INFO - Filling up the DagBag from /opt/airflow/dags/7_emp_snow_cp.py
[2024-02-07T08:56:14.266+0000] {processor.py:840} INFO - DAG(s) 'emp_snow_cp' retrieved from /opt/airflow/dags/7_emp_snow_cp.py
[2024-02-07T08:56:14.284+0000] {logging_mixin.py:188} INFO - [2024-02-07T08:56:14.284+0000] {dag.py:3036} INFO - Sync 1 DAGs
[2024-02-07T08:56:14.296+0000] {logging_mixin.py:188} INFO - [2024-02-07T08:56:14.296+0000] {dag.py:3823} INFO - Setting next_dagrun for emp_snow_cp to None, run_after=None
[2024-02-07T08:56:14.315+0000] {processor.py:183} INFO - Processing /opt/airflow/dags/7_emp_snow_cp.py took 0.062 seconds
[2024-02-07T08:56:44.520+0000] {processor.py:161} INFO - Started process (PID=1651) to work on /opt/airflow/dags/7_emp_snow_cp.py
[2024-02-07T08:56:44.532+0000] {processor.py:830} INFO - Processing file /opt/airflow/dags/7_emp_snow_cp.py for tasks to queue
[2024-02-07T08:56:44.535+0000] {logging_mixin.py:188} INFO - [2024-02-07T08:56:44.534+0000] {dagbag.py:538} INFO - Filling up the DagBag from /opt/airflow/dags/7_emp_snow_cp.py
[2024-02-07T08:56:44.541+0000] {processor.py:840} INFO - DAG(s) 'emp_snow_cp' retrieved from /opt/airflow/dags/7_emp_snow_cp.py
[2024-02-07T08:56:44.570+0000] {logging_mixin.py:188} INFO - [2024-02-07T08:56:44.570+0000] {dag.py:3036} INFO - Sync 1 DAGs
[2024-02-07T08:56:44.590+0000] {logging_mixin.py:188} INFO - [2024-02-07T08:56:44.589+0000] {dag.py:3823} INFO - Setting next_dagrun for emp_snow_cp to None, run_after=None
[2024-02-07T08:56:44.616+0000] {processor.py:183} INFO - Processing /opt/airflow/dags/7_emp_snow_cp.py took 0.099 seconds
[2024-02-07T08:57:14.843+0000] {processor.py:161} INFO - Started process (PID=1717) to work on /opt/airflow/dags/7_emp_snow_cp.py
[2024-02-07T08:57:14.845+0000] {processor.py:830} INFO - Processing file /opt/airflow/dags/7_emp_snow_cp.py for tasks to queue
[2024-02-07T08:57:14.848+0000] {logging_mixin.py:188} INFO - [2024-02-07T08:57:14.847+0000] {dagbag.py:538} INFO - Filling up the DagBag from /opt/airflow/dags/7_emp_snow_cp.py
[2024-02-07T08:57:14.855+0000] {processor.py:840} INFO - DAG(s) 'emp_snow_cp' retrieved from /opt/airflow/dags/7_emp_snow_cp.py
[2024-02-07T08:57:14.875+0000] {logging_mixin.py:188} INFO - [2024-02-07T08:57:14.874+0000] {dag.py:3036} INFO - Sync 1 DAGs
[2024-02-07T08:57:14.888+0000] {logging_mixin.py:188} INFO - [2024-02-07T08:57:14.887+0000] {dag.py:3823} INFO - Setting next_dagrun for emp_snow_cp to None, run_after=None
[2024-02-07T08:57:14.908+0000] {processor.py:183} INFO - Processing /opt/airflow/dags/7_emp_snow_cp.py took 0.067 seconds
[2024-02-07T08:57:44.949+0000] {processor.py:161} INFO - Started process (PID=1783) to work on /opt/airflow/dags/7_emp_snow_cp.py
[2024-02-07T08:57:44.951+0000] {processor.py:830} INFO - Processing file /opt/airflow/dags/7_emp_snow_cp.py for tasks to queue
[2024-02-07T08:57:44.953+0000] {logging_mixin.py:188} INFO - [2024-02-07T08:57:44.952+0000] {dagbag.py:538} INFO - Filling up the DagBag from /opt/airflow/dags/7_emp_snow_cp.py
[2024-02-07T08:57:44.959+0000] {processor.py:840} INFO - DAG(s) 'emp_snow_cp' retrieved from /opt/airflow/dags/7_emp_snow_cp.py
[2024-02-07T08:57:44.979+0000] {logging_mixin.py:188} INFO - [2024-02-07T08:57:44.979+0000] {dag.py:3036} INFO - Sync 1 DAGs
[2024-02-07T08:57:44.992+0000] {logging_mixin.py:188} INFO - [2024-02-07T08:57:44.992+0000] {dag.py:3823} INFO - Setting next_dagrun for emp_snow_cp to None, run_after=None
[2024-02-07T08:57:45.015+0000] {processor.py:183} INFO - Processing /opt/airflow/dags/7_emp_snow_cp.py took 0.069 seconds
[2024-02-07T08:58:16.030+0000] {processor.py:161} INFO - Started process (PID=1849) to work on /opt/airflow/dags/7_emp_snow_cp.py
[2024-02-07T08:58:16.034+0000] {processor.py:830} INFO - Processing file /opt/airflow/dags/7_emp_snow_cp.py for tasks to queue
[2024-02-07T08:58:16.036+0000] {logging_mixin.py:188} INFO - [2024-02-07T08:58:16.036+0000] {dagbag.py:538} INFO - Filling up the DagBag from /opt/airflow/dags/7_emp_snow_cp.py
[2024-02-07T08:58:16.043+0000] {processor.py:840} INFO - DAG(s) 'emp_snow_cp' retrieved from /opt/airflow/dags/7_emp_snow_cp.py
[2024-02-07T08:58:16.060+0000] {logging_mixin.py:188} INFO - [2024-02-07T08:58:16.060+0000] {dag.py:3036} INFO - Sync 1 DAGs
[2024-02-07T08:58:16.072+0000] {logging_mixin.py:188} INFO - [2024-02-07T08:58:16.072+0000] {dag.py:3823} INFO - Setting next_dagrun for emp_snow_cp to None, run_after=None
[2024-02-07T08:58:16.089+0000] {processor.py:183} INFO - Processing /opt/airflow/dags/7_emp_snow_cp.py took 0.063 seconds
[2024-02-07T08:58:46.879+0000] {processor.py:161} INFO - Started process (PID=1915) to work on /opt/airflow/dags/7_emp_snow_cp.py
[2024-02-07T08:58:46.881+0000] {processor.py:830} INFO - Processing file /opt/airflow/dags/7_emp_snow_cp.py for tasks to queue
[2024-02-07T08:58:46.882+0000] {logging_mixin.py:188} INFO - [2024-02-07T08:58:46.882+0000] {dagbag.py:538} INFO - Filling up the DagBag from /opt/airflow/dags/7_emp_snow_cp.py
[2024-02-07T08:58:46.887+0000] {processor.py:840} INFO - DAG(s) 'emp_snow_cp' retrieved from /opt/airflow/dags/7_emp_snow_cp.py
[2024-02-07T08:58:46.905+0000] {logging_mixin.py:188} INFO - [2024-02-07T08:58:46.905+0000] {dag.py:3036} INFO - Sync 1 DAGs
[2024-02-07T08:58:46.916+0000] {logging_mixin.py:188} INFO - [2024-02-07T08:58:46.916+0000] {dag.py:3823} INFO - Setting next_dagrun for emp_snow_cp to None, run_after=None
[2024-02-07T08:58:46.935+0000] {processor.py:183} INFO - Processing /opt/airflow/dags/7_emp_snow_cp.py took 0.059 seconds
[2024-02-07T08:59:17.837+0000] {processor.py:161} INFO - Started process (PID=1981) to work on /opt/airflow/dags/7_emp_snow_cp.py
[2024-02-07T08:59:17.849+0000] {processor.py:830} INFO - Processing file /opt/airflow/dags/7_emp_snow_cp.py for tasks to queue
[2024-02-07T08:59:17.851+0000] {logging_mixin.py:188} INFO - [2024-02-07T08:59:17.850+0000] {dagbag.py:538} INFO - Filling up the DagBag from /opt/airflow/dags/7_emp_snow_cp.py
[2024-02-07T08:59:17.856+0000] {processor.py:840} INFO - DAG(s) 'emp_snow_cp' retrieved from /opt/airflow/dags/7_emp_snow_cp.py
[2024-02-07T08:59:17.873+0000] {logging_mixin.py:188} INFO - [2024-02-07T08:59:17.872+0000] {dag.py:3036} INFO - Sync 1 DAGs
[2024-02-07T08:59:17.884+0000] {logging_mixin.py:188} INFO - [2024-02-07T08:59:17.884+0000] {dag.py:3823} INFO - Setting next_dagrun for emp_snow_cp to None, run_after=None
[2024-02-07T08:59:17.905+0000] {processor.py:183} INFO - Processing /opt/airflow/dags/7_emp_snow_cp.py took 0.070 seconds
[2024-02-07T08:59:48.715+0000] {processor.py:161} INFO - Started process (PID=2047) to work on /opt/airflow/dags/7_emp_snow_cp.py
[2024-02-07T08:59:48.716+0000] {processor.py:830} INFO - Processing file /opt/airflow/dags/7_emp_snow_cp.py for tasks to queue
[2024-02-07T08:59:48.719+0000] {logging_mixin.py:188} INFO - [2024-02-07T08:59:48.718+0000] {dagbag.py:538} INFO - Filling up the DagBag from /opt/airflow/dags/7_emp_snow_cp.py
[2024-02-07T08:59:48.726+0000] {processor.py:840} INFO - DAG(s) 'emp_snow_cp' retrieved from /opt/airflow/dags/7_emp_snow_cp.py
[2024-02-07T08:59:48.745+0000] {logging_mixin.py:188} INFO - [2024-02-07T08:59:48.745+0000] {dag.py:3036} INFO - Sync 1 DAGs
[2024-02-07T08:59:48.758+0000] {logging_mixin.py:188} INFO - [2024-02-07T08:59:48.758+0000] {dag.py:3823} INFO - Setting next_dagrun for emp_snow_cp to None, run_after=None
[2024-02-07T08:59:48.778+0000] {processor.py:183} INFO - Processing /opt/airflow/dags/7_emp_snow_cp.py took 0.066 seconds
[2024-02-07T09:00:18.810+0000] {processor.py:161} INFO - Started process (PID=2113) to work on /opt/airflow/dags/7_emp_snow_cp.py
[2024-02-07T09:00:18.811+0000] {processor.py:830} INFO - Processing file /opt/airflow/dags/7_emp_snow_cp.py for tasks to queue
[2024-02-07T09:00:18.813+0000] {logging_mixin.py:188} INFO - [2024-02-07T09:00:18.813+0000] {dagbag.py:538} INFO - Filling up the DagBag from /opt/airflow/dags/7_emp_snow_cp.py
[2024-02-07T09:00:18.820+0000] {processor.py:840} INFO - DAG(s) 'emp_snow_cp' retrieved from /opt/airflow/dags/7_emp_snow_cp.py
[2024-02-07T09:00:18.838+0000] {logging_mixin.py:188} INFO - [2024-02-07T09:00:18.837+0000] {dag.py:3036} INFO - Sync 1 DAGs
[2024-02-07T09:00:18.851+0000] {logging_mixin.py:188} INFO - [2024-02-07T09:00:18.850+0000] {dag.py:3823} INFO - Setting next_dagrun for emp_snow_cp to None, run_after=None
[2024-02-07T09:00:18.871+0000] {processor.py:183} INFO - Processing /opt/airflow/dags/7_emp_snow_cp.py took 0.064 seconds
[2024-02-07T09:00:49.006+0000] {processor.py:161} INFO - Started process (PID=2179) to work on /opt/airflow/dags/7_emp_snow_cp.py
[2024-02-07T09:00:49.018+0000] {processor.py:830} INFO - Processing file /opt/airflow/dags/7_emp_snow_cp.py for tasks to queue
[2024-02-07T09:00:49.019+0000] {logging_mixin.py:188} INFO - [2024-02-07T09:00:49.019+0000] {dagbag.py:538} INFO - Filling up the DagBag from /opt/airflow/dags/7_emp_snow_cp.py
[2024-02-07T09:00:49.024+0000] {processor.py:840} INFO - DAG(s) 'emp_snow_cp' retrieved from /opt/airflow/dags/7_emp_snow_cp.py
[2024-02-07T09:00:49.045+0000] {logging_mixin.py:188} INFO - [2024-02-07T09:00:49.045+0000] {dag.py:3036} INFO - Sync 1 DAGs
[2024-02-07T09:00:49.059+0000] {logging_mixin.py:188} INFO - [2024-02-07T09:00:49.059+0000] {dag.py:3823} INFO - Setting next_dagrun for emp_snow_cp to None, run_after=None
[2024-02-07T09:00:49.081+0000] {processor.py:183} INFO - Processing /opt/airflow/dags/7_emp_snow_cp.py took 0.078 seconds
[2024-02-07T09:01:19.113+0000] {processor.py:161} INFO - Started process (PID=2245) to work on /opt/airflow/dags/7_emp_snow_cp.py
[2024-02-07T09:01:19.114+0000] {processor.py:830} INFO - Processing file /opt/airflow/dags/7_emp_snow_cp.py for tasks to queue
[2024-02-07T09:01:19.115+0000] {logging_mixin.py:188} INFO - [2024-02-07T09:01:19.115+0000] {dagbag.py:538} INFO - Filling up the DagBag from /opt/airflow/dags/7_emp_snow_cp.py
[2024-02-07T09:01:19.120+0000] {processor.py:840} INFO - DAG(s) 'emp_snow_cp' retrieved from /opt/airflow/dags/7_emp_snow_cp.py
[2024-02-07T09:01:19.140+0000] {logging_mixin.py:188} INFO - [2024-02-07T09:01:19.139+0000] {dag.py:3036} INFO - Sync 1 DAGs
[2024-02-07T09:01:19.151+0000] {logging_mixin.py:188} INFO - [2024-02-07T09:01:19.151+0000] {dag.py:3823} INFO - Setting next_dagrun for emp_snow_cp to None, run_after=None
[2024-02-07T09:01:19.171+0000] {processor.py:183} INFO - Processing /opt/airflow/dags/7_emp_snow_cp.py took 0.061 seconds
[2024-02-07T09:01:50.043+0000] {processor.py:161} INFO - Started process (PID=2311) to work on /opt/airflow/dags/7_emp_snow_cp.py
[2024-02-07T09:01:50.045+0000] {processor.py:830} INFO - Processing file /opt/airflow/dags/7_emp_snow_cp.py for tasks to queue
[2024-02-07T09:01:50.046+0000] {logging_mixin.py:188} INFO - [2024-02-07T09:01:50.046+0000] {dagbag.py:538} INFO - Filling up the DagBag from /opt/airflow/dags/7_emp_snow_cp.py
[2024-02-07T09:01:50.052+0000] {processor.py:840} INFO - DAG(s) 'emp_snow_cp' retrieved from /opt/airflow/dags/7_emp_snow_cp.py
[2024-02-07T09:01:50.072+0000] {logging_mixin.py:188} INFO - [2024-02-07T09:01:50.072+0000] {dag.py:3036} INFO - Sync 1 DAGs
[2024-02-07T09:01:50.083+0000] {logging_mixin.py:188} INFO - [2024-02-07T09:01:50.083+0000] {dag.py:3823} INFO - Setting next_dagrun for emp_snow_cp to None, run_after=None
[2024-02-07T09:01:50.102+0000] {processor.py:183} INFO - Processing /opt/airflow/dags/7_emp_snow_cp.py took 0.061 seconds
[2024-02-07T09:02:20.218+0000] {processor.py:161} INFO - Started process (PID=2377) to work on /opt/airflow/dags/7_emp_snow_cp.py
[2024-02-07T09:02:20.230+0000] {processor.py:830} INFO - Processing file /opt/airflow/dags/7_emp_snow_cp.py for tasks to queue
[2024-02-07T09:02:20.231+0000] {logging_mixin.py:188} INFO - [2024-02-07T09:02:20.231+0000] {dagbag.py:538} INFO - Filling up the DagBag from /opt/airflow/dags/7_emp_snow_cp.py
[2024-02-07T09:02:20.236+0000] {processor.py:840} INFO - DAG(s) 'emp_snow_cp' retrieved from /opt/airflow/dags/7_emp_snow_cp.py
[2024-02-07T09:02:20.254+0000] {logging_mixin.py:188} INFO - [2024-02-07T09:02:20.254+0000] {dag.py:3036} INFO - Sync 1 DAGs
[2024-02-07T09:02:20.265+0000] {logging_mixin.py:188} INFO - [2024-02-07T09:02:20.265+0000] {dag.py:3823} INFO - Setting next_dagrun for emp_snow_cp to None, run_after=None
[2024-02-07T09:02:20.283+0000] {processor.py:183} INFO - Processing /opt/airflow/dags/7_emp_snow_cp.py took 0.068 seconds
[2024-02-07T09:02:51.010+0000] {processor.py:161} INFO - Started process (PID=2443) to work on /opt/airflow/dags/7_emp_snow_cp.py
[2024-02-07T09:02:51.012+0000] {processor.py:830} INFO - Processing file /opt/airflow/dags/7_emp_snow_cp.py for tasks to queue
[2024-02-07T09:02:51.014+0000] {logging_mixin.py:188} INFO - [2024-02-07T09:02:51.013+0000] {dagbag.py:538} INFO - Filling up the DagBag from /opt/airflow/dags/7_emp_snow_cp.py
[2024-02-07T09:02:51.020+0000] {processor.py:840} INFO - DAG(s) 'emp_snow_cp' retrieved from /opt/airflow/dags/7_emp_snow_cp.py
[2024-02-07T09:02:51.043+0000] {logging_mixin.py:188} INFO - [2024-02-07T09:02:51.043+0000] {dag.py:3036} INFO - Sync 1 DAGs
[2024-02-07T09:02:51.056+0000] {logging_mixin.py:188} INFO - [2024-02-07T09:02:51.056+0000] {dag.py:3823} INFO - Setting next_dagrun for emp_snow_cp to None, run_after=None
[2024-02-07T09:02:51.075+0000] {processor.py:183} INFO - Processing /opt/airflow/dags/7_emp_snow_cp.py took 0.068 seconds
[2024-02-07T09:03:21.985+0000] {processor.py:161} INFO - Started process (PID=2509) to work on /opt/airflow/dags/7_emp_snow_cp.py
[2024-02-07T09:03:21.987+0000] {processor.py:830} INFO - Processing file /opt/airflow/dags/7_emp_snow_cp.py for tasks to queue
[2024-02-07T09:03:21.989+0000] {logging_mixin.py:188} INFO - [2024-02-07T09:03:21.989+0000] {dagbag.py:538} INFO - Filling up the DagBag from /opt/airflow/dags/7_emp_snow_cp.py
[2024-02-07T09:03:21.995+0000] {processor.py:840} INFO - DAG(s) 'emp_snow_cp' retrieved from /opt/airflow/dags/7_emp_snow_cp.py
[2024-02-07T09:03:22.016+0000] {logging_mixin.py:188} INFO - [2024-02-07T09:03:22.016+0000] {dag.py:3036} INFO - Sync 1 DAGs
[2024-02-07T09:03:22.031+0000] {logging_mixin.py:188} INFO - [2024-02-07T09:03:22.031+0000] {dag.py:3823} INFO - Setting next_dagrun for emp_snow_cp to None, run_after=None
[2024-02-07T09:03:22.056+0000] {processor.py:183} INFO - Processing /opt/airflow/dags/7_emp_snow_cp.py took 0.076 seconds
[2024-02-07T09:03:52.910+0000] {processor.py:161} INFO - Started process (PID=2581) to work on /opt/airflow/dags/7_emp_snow_cp.py
[2024-02-07T09:03:52.922+0000] {processor.py:830} INFO - Processing file /opt/airflow/dags/7_emp_snow_cp.py for tasks to queue
[2024-02-07T09:03:52.924+0000] {logging_mixin.py:188} INFO - [2024-02-07T09:03:52.924+0000] {dagbag.py:538} INFO - Filling up the DagBag from /opt/airflow/dags/7_emp_snow_cp.py
[2024-02-07T09:03:52.928+0000] {processor.py:840} INFO - DAG(s) 'emp_snow_cp' retrieved from /opt/airflow/dags/7_emp_snow_cp.py
[2024-02-07T09:03:52.946+0000] {logging_mixin.py:188} INFO - [2024-02-07T09:03:52.946+0000] {dag.py:3036} INFO - Sync 1 DAGs
[2024-02-07T09:03:52.957+0000] {logging_mixin.py:188} INFO - [2024-02-07T09:03:52.957+0000] {dag.py:3823} INFO - Setting next_dagrun for emp_snow_cp to None, run_after=None
[2024-02-07T09:03:52.976+0000] {processor.py:183} INFO - Processing /opt/airflow/dags/7_emp_snow_cp.py took 0.068 seconds
